\BOOKMARK [1][-]{section.1}{\376\377\000R\000e\000m\000e\000r\000c\000i\000e\000m\000e\000n\000t\000s}{}% 1
\BOOKMARK [1][-]{section.2}{\376\377\000F\000i\000c\000h\000e\000\040\000d\000e\000\040\000b\000i\000l\000a\000n\000\040\000e\000t\000\040\000d\000e\000\040\000s\000y\000n\000t\000\350\000s\000e}{}% 2
\BOOKMARK [2][-]{subsection.2.1}{\376\377\000P\000r\000\351\000s\000e\000n\000t\000a\000t\000i\000o\000n\000\040\000d\000e\000\040\000l\000'\000a\000c\000t\000i\000v\000i\000t\000\351\000\040\000e\000n\000\040\000e\000n\000t\000r\000e\000p\000r\000i\000s\000e}{section.2}% 3
\BOOKMARK [3][-]{subsubsection.2.1.1}{\376\377\000L\000'\000e\000n\000t\000r\000e\000p\000r\000i\000s\000e\000\040\000d\000'\000a\000c\000c\000u\000e\000i\000l}{subsection.2.1}% 4
\BOOKMARK [3][-]{subsubsection.2.1.2}{\376\377\000L\000e\000\040\000m\000a\000\356\000t\000r\000e\000\040\000d\000'\000a\000p\000p\000r\000e\000n\000t\000i\000s\000s\000a\000g\000e}{subsection.2.1}% 5
\BOOKMARK [3][-]{subsubsection.2.1.3}{\376\377\000R\000\351\000s\000u\000m\000\351\000\040\000d\000e\000s\000\040\000t\000r\000a\000v\000a\000u\000x\000\040\000p\000r\000o\000p\000o\000s\000\351\000s\000\040\000p\000a\000r\000\040\000l\000'\000e\000n\000t\000r\000e\000p\000r\000i\000s\000e}{subsection.2.1}% 6
\BOOKMARK [3][-]{subsubsection.2.1.4}{\376\377\000T\000r\000a\000v\000a\000u\000x\000\040\000e\000f\000f\000e\000c\000t\000u\000\351\000s\000\040\000e\000n\000\040\000e\000n\000t\000r\000e\000p\000r\000i\000s\000e}{subsection.2.1}% 7
\BOOKMARK [1][-]{section.3}{\376\377\000I\000n\000t\000r\000o\000d\000u\000c\000t\000i\000o\000n}{}% 8
\BOOKMARK [2][-]{subsection.3.1}{\376\377\000C\000o\000n\000t\000e\000x\000t\000e\000\040\000e\000t\000\040\000e\000n\000j\000e\000u\000x}{section.3}% 9
\BOOKMARK [2][-]{subsection.3.2}{\376\377\000D\000\351\000f\000i\000n\000i\000t\000i\000o\000n\000s\000\040\000e\000t\000\040\000c\000o\000n\000c\000e\000p\000t\000s\000\040\000c\000l\000\351\000s}{section.3}% 10
\BOOKMARK [1][-]{section.4}{\376\377\000\311\000t\000a\000t\000\040\000d\000e\000\040\000l\000'\000a\000r\000t}{}% 11
\BOOKMARK [2][-]{subsection.4.1}{\376\377\000L\000e\000s\000\040\000t\000e\000c\000h\000n\000o\000l\000o\000g\000i\000e\000s\000\040\000I\000o\000T\000\040\000d\000a\000n\000s\000\040\000l\000e\000s\000\040\000v\000o\000i\000t\000u\000r\000e\000s}{section.4}% 12
\BOOKMARK [3][-]{subsubsection.4.1.1}{\376\377\000S\000y\000s\000t\000\350\000m\000e\000s\000\040\000d\000e\000\040\000c\000o\000m\000m\000u\000n\000i\000c\000a\000t\000i\000o\000n\000\040\000e\000t\000\040\000d\040\031\000\351\000c\000h\000a\000n\000g\000e\000\040\000d\000e\000\040\000d\000o\000n\000n\000\351\000e\000s}{subsection.4.1}% 13
\BOOKMARK [3][-]{subsubsection.4.1.2}{\376\377\000C\000a\000p\000t\000e\000u\000r\000s\000\040\000e\000t\000\040\000p\000e\000r\000c\000e\000p\000t\000i\000o\000n\000\040\000e\000n\000v\000i\000r\000o\000n\000n\000e\000m\000e\000n\000t\000a\000l\000e}{subsection.4.1}% 14
\BOOKMARK [3][-]{subsubsection.4.1.3}{\376\377\000A\000i\000d\000e\000\040\000\340\000\040\000l\000a\000\040\000c\000o\000n\000d\000u\000i\000t\000e\000\040\000e\000t\000\040\000s\000y\000s\000t\000\350\000m\000e\000s\000\040\000A\000D\000A\000S}{subsection.4.1}% 15
\BOOKMARK [3][-]{subsubsection.4.1.4}{\376\377\000A\000n\000a\000l\000y\000s\000e\000\040\000d\000e\000s\000\040\000d\000o\000n\000n\000\351\000e\000s\000\040\000e\000t\000\040\000p\000r\000i\000s\000e\000\040\000d\000e\000\040\000d\000\351\000c\000i\000s\000i\000o\000n}{subsection.4.1}% 16
\BOOKMARK [2][-]{subsection.4.2}{\376\377\000L\000e\000s\000\040\000d\000\351\000f\000i\000s\000\040\000s\000p\000\351\000c\000i\000f\000i\000q\000u\000e\000s\000\040\000l\000i\000\351\000s\000\040\000\340\000\040\000l\000a\000\040\000s\000\351\000c\000u\000r\000i\000t\000\351\000\040\000d\000e\000s\000\040\000m\000o\000t\000o\000s}{section.4}% 17
\BOOKMARK [3][-]{subsubsection.4.2.1}{\376\377\000P\000a\000r\000t\000i\000c\000u\000l\000a\000r\000i\000t\000\351\000s\000\040\000d\000e\000s\000\040\000m\000o\000t\000o\000s\000\040\000s\000u\000r\000\040\000l\000a\000\040\000r\000o\000u\000t\000e}{subsection.4.2}% 18
\BOOKMARK [3][-]{subsubsection.4.2.2}{\376\377\000L\000e\000s\000\040\000t\000e\000c\000h\000n\000o\000l\000o\000g\000i\000e\000s\000\040\000I\000o\000T\000\040\000a\000c\000t\000u\000e\000l\000l\000e\000s\000\040\000p\000o\000u\000r\000\040\000l\000e\000s\000\040\000m\000o\000t\000o\000s}{subsection.4.2}% 19
\BOOKMARK [3][-]{subsubsection.4.2.3}{\376\377\000L\000'\000e\000x\000p\000l\000o\000i\000t\000a\000t\000i\000o\000n\000\040\000d\000e\000s\000\040\000d\000o\000n\000n\000\351\000e\000s\000\040\000p\000o\000u\000r\000\040\000l\000e\000s\000\040\000m\000o\000t\000o\000s}{subsection.4.2}% 20
\BOOKMARK [3][-]{subsubsection.4.2.4}{\376\377\000L\000i\000m\000i\000t\000a\000t\000i\000o\000n\000s\000\040\000d\000e\000s\000\040\000t\000e\000c\000h\000n\000o\000l\000o\000g\000i\000e\000s\000\040\000I\000o\000T\000\040\000a\000c\000t\000u\000e\000l\000l\000e\000s\000\040\000p\000o\000u\000r\000\040\000l\000e\000s\000\040\000m\000o\000t\000o\000s}{subsection.4.2}% 21
\BOOKMARK [2][-]{subsection.4.3}{\376\377\000C\000o\000n\000c\000l\000u\000s\000i\000o\000n}{section.4}% 22
\BOOKMARK [1][-]{section.5}{\376\377\000M\000\351\000m\000o\000i\000r\000e}{}% 23
\BOOKMARK [2][-]{subsection.5.1}{\376\377\000P\000r\000a\000t\000i\000q\000u\000e\000\040\000d\000e\000\040\000l\000a\000\040\000r\000o\000u\000t\000e\000\040\000-\000\040\000A\000n\000a\000l\000y\000s\000e\000\040\000c\000o\000m\000p\000a\000r\000a\000t\000i\000v\000e\000\040\000d\000e\000s\000\040\000b\000e\000s\000o\000i\000n\000s\000\040\000d\000e\000\040\000s\000\351\000c\000u\000r\000i\000t\000\351\000\040\000e\000n\000t\000r\000e\000\040\000v\000o\000i\000t\000u\000r\000e\000s\000\040\000e\000t\000\040\000m\000o\000t\000o\000s}{section.5}% 24
\BOOKMARK [2][-]{subsection.5.2}{\376\377\000\040\000\311\000t\000u\000d\000e\000\040\000c\000r\000i\000t\000i\000q\000u\000e\000\040\000d\000e\000s\000\040\000t\000e\000c\000h\000n\000o\000l\000o\000g\000i\000e\000s\000\040\000I\000o\000T\000\040\000e\000x\000i\000s\000t\000a\000n\000t\000e\000s\000\040\000\050\000v\000o\000i\000t\000u\000r\000e\000s\000\040\000v\000s\000\040\000m\000o\000t\000o\000s\000\051}{section.5}% 25
\BOOKMARK [2][-]{subsection.5.3}{\376\377\000\040\000P\000r\000o\000p\000o\000s\000i\000t\000i\000o\000n\000s\000\040\000d\040\031\000a\000d\000a\000p\000t\000a\000t\000i\000o\000n\000s\000\040\000t\000e\000c\000h\000n\000o\000l\000o\000g\000i\000q\000u\000e\000s}{section.5}% 26
\BOOKMARK [2][-]{subsection.5.4}{\376\377\000\040\000\311\000t\000u\000d\000e\000\040\000d\000e\000\040\000f\000a\000i\000s\000a\000b\000i\000l\000i\000t\000\351\000\040\000e\000t\000\040\000l\000i\000m\000i\000t\000e\000s}{section.5}% 27
\BOOKMARK [2][-]{subsection.5.5}{\376\377\000A\000p\000p\000o\000r\000t\000\040\000p\000e\000r\000s\000o\000n\000n\000e\000l\000\040\000e\000t\000\040\000p\000o\000s\000i\000t\000i\000o\000n\000n\000e\000m\000e\000n\000t}{section.5}% 28
\BOOKMARK [1][-]{section*.29}{\376\377\000R\000\351\000f\000\351\000r\000e\000n\000c\000e\000s}{}% 29
